BGClient is in onetime mode.
[Ljava.lang.String;@4d7e1886
{}
{threadcount=60}
{threadcount=60, db=JanusGraph.src.janusgraph.JanusGraphClient}
{janusGraphIp=10.10.1.2, threadcount=60, db=JanusGraph.src.janusgraph.JanusGraphClient}
workloads/listfriendsaction
listfriendsaction
{janusGraphIp=10.10.1.2, workloadfile=listfriendsaction, threadcount=60, db=JanusGraph.src.janusgraph.JanusGraphClient}
{janusGraphIp=10.10.1.2, doCache=true, workloadfile=listfriendsaction, threadcount=60, db=JanusGraph.src.janusgraph.JanusGraphClient}
{janusGraphIp=10.10.1.2, doCache=true, expectedlatency=0.1, workloadfile=listfriendsaction, threadcount=60, db=JanusGraph.src.janusgraph.JanusGraphClient}
{janusGraphIp=10.10.1.2, doCache=true, expectedlatency=0.1, workloadfile=listfriendsaction, maxexecutiontime=60, threadcount=60, db=JanusGraph.src.janusgraph.JanusGraphClient}
{janusGraphIp=10.10.1.2, doCache=true, expectedlatency=0.1, workloadfile=listfriendsaction, maxexecutiontime=60, threadcount=60, db=JanusGraph.src.janusgraph.JanusGraphClient}
Running BG in Partitioned mode
*****max execution time specified : 60
BG Client: ThreadCount =10

Loading workload...
0
SLF4J: Failed to load class "org.slf4j.impl.StaticLoggerBinder".
SLF4J: Defaulting to no-operation (NOP) logger implementation
SLF4J: See http://www.slf4j.org/codes.html#StaticLoggerBinder for further details.
Jun 10, 2025 6:09:07 AM org.yaml.snakeyaml.internal.Logger warn
WARNING: Failed to find field for org.apache.tinkerpop.gremlin.driver.Settings.serializers
The actions of the workload are as following:
ListFriendsAction=1.0
Create fragments in workload init phase
Creating the initial zipfian probabilities...
Sum of original probs = 0.9999999999999973
Initial Zipfian probabilities are created.
Done creating clusters.
ClusterId0, 1000
ZipfianMean=0.27 Usercount=1000 numMaxClusters=1; 20.0% of members have, 0.5945667080528851, initial probability.
ZipfianMean=0.27 Usercount=1000 numMaxClusters=1; 20.0% of members have, 0.5945667080528868 clustering(new)probability.
Time to create fragments : 6 msec
 (might take a few minutes for large data sets)

After init: Tue Jun 10 06:09:19 UTC 2025
Connected
Starting benchmark.
status:true
 0 sec: 0 actions; Server started on port: 6001
 0 sec: 0 operations; 
Visualizer Port: 6001
Maximum execution time specified as: 60 secs
Waiting for threads to finish...
 10 sec: 0 actions;  10 sec: 0 operations; 
 20 sec: 0 actions;  20 sec: 0 operations; 
 30 sec: 0 actions;  30 sec: 0 operations; 
 40 sec: 0 actions;  40 sec: 0 operations; 
 50 sec: 0 actions;  50 sec: 0 operations; 
Maximum time elapsed. Requesting stop for the workload.10
Stop request is set to :true
java.net.SocketException: Socket closed
Closing Visualization thread socket
Satisfying perc: 0.0
Visualization thread has Stopped...
Waiting for threads to join...
Stop requested for workload. Now Joining!
